# JRE version: Java(TM) SE Runtime Environment (8.0_60-b27) (build 1.8.0_60-b27)
# Java VM: Java HotSpot(TM) 64-Bit Server VM (25.60-b23 mixed mode windows-amd64 compressed oops)
Heap:
 PSYoungGen      total 220160K, used 88611K [0x000000076c180000, 0x0000000782580000, 0x00000007c0000000)
  eden space 206336K, 37% used [0x000000076c180000,0x0000000770ce9bd8,0x0000000778b00000)
  from space 13824K, 82% used [0x0000000778b00000,0x000000077961f3e0,0x0000000779880000)
  to   space 14848K, 0% used [0x0000000781700000,0x0000000781700000,0x0000000782580000)
 ParOldGen       total 113152K, used 11851K [0x00000006c4400000, 0x00000006cb280000, 0x000000076c180000)
  object space 113152K, 10% used [0x00000006c4400000,0x00000006c4f92eb0,0x00000006cb280000)
 Metaspace       used 46178K, capacity 49438K, committed 49664K, reserved 1091584K
  class space    used 6004K, capacity 6587K, committed 6656K, reserved 1048576K
GC Heap History (10 events):
Event: 3.768 GC heap before
{Heap before GC invocations=5 (full 1):
 PSYoungGen      total 75264K, used 64512K [0x000000076c180000, 0x0000000775480000, 0x00000007c0000000)
  eden space 64512K, 100% used [0x000000076c180000,0x0000000770080000,0x0000000770080000)
  from space 10752K, 0% used [0x0000000770080000,0x0000000770080000,0x0000000770b00000)
  to   space 10752K, 0% used [0x0000000774a00000,0x0000000774a00000,0x0000000775480000)
 ParOldGen       total 80896K, used 5194K [0x00000006c4400000, 0x00000006c9300000, 0x000000076c180000)
  object space 80896K, 6% used [0x00000006c4400000,0x00000006c4912b90,0x00000006c9300000)
 Metaspace       used 24113K, capacity 25804K, committed 25984K, reserved 1071104K
  class space    used 3282K, capacity 3604K, committed 3712K, reserved 1048576K
Event: 3.776 GC heap after
Heap after GC invocations=5 (full 1):
 PSYoungGen      total 123392K, used 6595K [0x000000076c180000, 0x0000000775080000, 0x00000007c0000000)
  eden space 116736K, 0% used [0x000000076c180000,0x000000076c180000,0x0000000773380000)
  from space 6656K, 99% used [0x0000000774a00000,0x0000000775070e18,0x0000000775080000)
  to   space 10752K, 0% used [0x0000000773b80000,0x0000000773b80000,0x0000000774600000)
 ParOldGen       total 80896K, used 5202K [0x00000006c4400000, 0x00000006c9300000, 0x000000076c180000)
  object space 80896K, 6% used [0x00000006c4400000,0x00000006c4914b90,0x00000006c9300000)
 Metaspace       used 24113K, capacity 25804K, committed 25984K, reserved 1071104K
  class space    used 3282K, capacity 3604K, committed 3712K, reserved 1048576K
}
Event: 5.320 GC heap before
{Heap before GC invocations=6 (full 1):
 PSYoungGen      total 123392K, used 123331K [0x000000076c180000, 0x0000000775080000, 0x00000007c0000000)
  eden space 116736K, 100% used [0x000000076c180000,0x0000000773380000,0x0000000773380000)
  from space 6656K, 99% used [0x0000000774a00000,0x0000000775070e18,0x0000000775080000)
  to   space 10752K, 0% used [0x0000000773b80000,0x0000000773b80000,0x0000000774600000)
 ParOldGen       total 80896K, used 5202K [0x00000006c4400000, 0x00000006c9300000, 0x000000076c180000)
  object space 80896K, 6% used [0x00000006c4400000,0x00000006c4914b90,0x00000006c9300000)
 Metaspace       used 32068K, capacity 34078K, committed 34176K, reserved 1079296K
  class space    used 4283K, capacity 4651K, committed 4736K, reserved 1048576K
Event: 5.332 GC heap after
Heap after GC invocations=6 (full 1):
 PSYoungGen      total 135680K, used 10727K [0x000000076c180000, 0x000000077a680000, 0x00000007c0000000)
  eden space 124928K, 0% used [0x000000076c180000,0x000000076c180000,0x0000000773b80000)
  from space 10752K, 99% used [0x0000000773b80000,0x00000007745f9ce8,0x0000000774600000)
  to   space 14336K, 0% used [0x0000000779880000,0x0000000779880000,0x000000077a680000)
 ParOldGen       total 80896K, used 7842K [0x00000006c4400000, 0x00000006c9300000, 0x000000076c180000)
  object space 80896K, 9% used [0x00000006c4400000,0x00000006c4ba8bd8,0x00000006c9300000)
 Metaspace       used 32068K, capacity 34078K, committed 34176K, reserved 1079296K
  class space    used 4283K, capacity 4651K, committed 4736K, reserved 1048576K
}
Event: 5.678 GC heap before
{Heap before GC invocations=7 (full 1):
 PSYoungGen      total 135680K, used 42698K [0x000000076c180000, 0x000000077a680000, 0x00000007c0000000)
  eden space 124928K, 25% used [0x000000076c180000,0x000000076e0b8c08,0x0000000773b80000)
  from space 10752K, 99% used [0x0000000773b80000,0x00000007745f9ce8,0x0000000774600000)
  to   space 14336K, 0% used [0x0000000779880000,0x0000000779880000,0x000000077a680000)
 ParOldGen       total 80896K, used 7842K [0x00000006c4400000, 0x00000006c9300000, 0x000000076c180000)
  object space 80896K, 9% used [0x00000006c4400000,0x00000006c4ba8bd8,0x00000006c9300000)
 Metaspace       used 33278K, capacity 35468K, committed 35496K, reserved 1079296K
  class space    used 4454K, capacity 4862K, committed 4864K, reserved 1048576K
Event: 5.687 GC heap after
Heap after GC invocations=7 (full 1):
 PSYoungGen      total 220672K, used 6934K [0x000000076c180000, 0x000000077b080000, 0x00000007c0000000)
  eden space 206336K, 0% used [0x000000076c180000,0x000000076c180000,0x0000000778b00000)
  from space 14336K, 48% used [0x0000000779880000,0x0000000779f45a88,0x000000077a680000)
  to   space 13824K, 0% used [0x0000000778b00000,0x0000000778b00000,0x0000000779880000)
 ParOldGen       total 80896K, used 7850K [0x00000006c4400000, 0x00000006c9300000, 0x000000076c180000)
  object space 80896K, 9% used [0x00000006c4400000,0x00000006c4baabd8,0x00000006c9300000)
 Metaspace       used 33278K, capacity 35468K, committed 35496K, reserved 1079296K
  class space    used 4454K, capacity 4862K, committed 4864K, reserved 1048576K
}
Event: 5.687 GC heap before
{Heap before GC invocations=8 (full 2):
 PSYoungGen      total 220672K, used 6934K [0x000000076c180000, 0x000000077b080000, 0x00000007c0000000)
  eden space 206336K, 0% used [0x000000076c180000,0x000000076c180000,0x0000000778b00000)
  from space 14336K, 48% used [0x0000000779880000,0x0000000779f45a88,0x000000077a680000)
  to   space 13824K, 0% used [0x0000000778b00000,0x0000000778b00000,0x0000000779880000)
 ParOldGen       total 80896K, used 7850K [0x00000006c4400000, 0x00000006c9300000, 0x000000076c180000)
  object space 80896K, 9% used [0x00000006c4400000,0x00000006c4baabd8,0x00000006c9300000)
 Metaspace       used 33278K, capacity 35468K, committed 35496K, reserved 1079296K
  class space    used 4454K, capacity 4862K, committed 4864K, reserved 1048576K
Event: 5.756 GC heap after
Heap after GC invocations=8 (full 2):
 PSYoungGen      total 220672K, used 0K [0x000000076c180000, 0x000000077b080000, 0x00000007c0000000)
  eden space 206336K, 0% used [0x000000076c180000,0x000000076c180000,0x0000000778b00000)
  from space 14336K, 0% used [0x0000000779880000,0x0000000779880000,0x000000077a680000)
  to   space 13824K, 0% used [0x0000000778b00000,0x0000000778b00000,0x0000000779880000)
 ParOldGen       total 113152K, used 11779K [0x00000006c4400000, 0x00000006cb280000, 0x000000076c180000)
  object space 113152K, 10% used [0x00000006c4400000,0x00000006c4f80ea0,0x00000006cb280000)
 Metaspace       used 33278K, capacity 35468K, committed 35496K, reserved 1079296K
  class space    used 4454K, capacity 4862K, committed 4864K, reserved 1048576K
}
Event: 9.694 GC heap before
{Heap before GC invocations=9 (full 2):
 PSYoungGen      total 220672K, used 206336K [0x000000076c180000, 0x000000077b080000, 0x00000007c0000000)
  eden space 206336K, 100% used [0x000000076c180000,0x0000000778b00000,0x0000000778b00000)
  from space 14336K, 0% used [0x0000000779880000,0x0000000779880000,0x000000077a680000)
  to   space 13824K, 0% used [0x0000000778b00000,0x0000000778b00000,0x0000000779880000)
 ParOldGen       total 113152K, used 11779K [0x00000006c4400000, 0x00000006cb280000, 0x000000076c180000)
  object space 113152K, 10% used [0x00000006c4400000,0x00000006c4f80ea0,0x00000006cb280000)
 Metaspace       used 41677K, capacity 44596K, committed 44672K, reserved 1087488K
  class space    used 5457K, capacity 5974K, committed 6016K, reserved 1048576K
Event: 9.705 GC heap after
Heap after GC invocations=9 (full 2):
 PSYoungGen      total 220160K, used 11388K [0x000000076c180000, 0x0000000782580000, 0x00000007c0000000)
  eden space 206336K, 0% used [0x000000076c180000,0x000000076c180000,0x0000000778b00000)
  from space 13824K, 82% used [0x0000000778b00000,0x000000077961f3e0,0x0000000779880000)
  to   space 14848K, 0% used [0x0000000781700000,0x0000000781700000,0x0000000782580000)
 ParOldGen       total 113152K, used 11851K [0x00000006c4400000, 0x00000006cb280000, 0x000000076c180000)
  object space 113152K, 10% used [0x00000006c4400000,0x00000006c4f92eb0,0x00000006cb280000)
 Metaspace       used 41677K, capacity 44596K, committed 44672K, reserved 1087488K
  class space    used 5457K, capacity 5974K, committed 6016K, reserved 1048576K
}

