# JRE version: Java(TM) SE Runtime Environment (8.0_60-b27) (build 1.8.0_60-b27)
# Java VM: Java HotSpot(TM) 64-Bit Server VM (25.60-b23 mixed mode windows-amd64 compressed oops)
Heap:
 PSYoungGen      total 147456K, used 94137K [0x000000076c180000, 0x0000000779b00000, 0x00000007c0000000)
  eden space 120320K, 55% used [0x000000076c180000,0x00000007702f5b48,0x0000000773700000)
  from space 27136K, 99% used [0x0000000773700000,0x0000000775178b40,0x0000000775180000)
  to   space 34304K, 0% used [0x0000000777980000,0x0000000777980000,0x0000000779b00000)
 ParOldGen       total 131072K, used 38639K [0x00000006c4400000, 0x00000006cc400000, 0x000000076c180000)
  object space 131072K, 29% used [0x00000006c4400000,0x00000006c69bbc50,0x00000006cc400000)
 Metaspace       used 28609K, capacity 29416K, committed 29440K, reserved 1075200K
  class space    used 3123K, capacity 3326K, committed 3328K, reserved 1048576K
GC Heap History (10 events):
Event: 6.618 GC heap before
{Heap before GC invocations=6 (full 1):
 PSYoungGen      total 75264K, used 64512K [0x000000076c180000, 0x0000000771580000, 0x00000007c0000000)
  eden space 64512K, 100% used [0x000000076c180000,0x0000000770080000,0x0000000770080000)
  from space 10752K, 0% used [0x0000000770b00000,0x0000000770b00000,0x0000000771580000)
  to   space 10752K, 0% used [0x0000000770080000,0x0000000770080000,0x0000000770b00000)
 ParOldGen       total 131072K, used 17015K [0x00000006c4400000, 0x00000006cc400000, 0x000000076c180000)
  object space 131072K, 12% used [0x00000006c4400000,0x00000006c549dfe8,0x00000006cc400000)
 Metaspace       used 23675K, capacity 24312K, committed 24448K, reserved 1071104K
  class space    used 2696K, capacity 2857K, committed 2944K, reserved 1048576K
Event: 6.629 GC heap after
Heap after GC invocations=6 (full 1):
 PSYoungGen      total 75264K, used 10732K [0x000000076c180000, 0x0000000773e80000, 0x00000007c0000000)
  eden space 64512K, 0% used [0x000000076c180000,0x000000076c180000,0x0000000770080000)
  from space 10752K, 99% used [0x0000000770080000,0x0000000770afb230,0x0000000770b00000)
  to   space 20480K, 0% used [0x0000000772a80000,0x0000000772a80000,0x0000000773e80000)
 ParOldGen       total 131072K, used 26149K [0x00000006c4400000, 0x00000006cc400000, 0x000000076c180000)
  object space 131072K, 19% used [0x00000006c4400000,0x00000006c5d894e0,0x00000006cc400000)
 Metaspace       used 23675K, capacity 24312K, committed 24448K, reserved 1071104K
  class space    used 2696K, capacity 2857K, committed 2944K, reserved 1048576K
}
Event: 8.276 GC heap before
{Heap before GC invocations=7 (full 1):
 PSYoungGen      total 75264K, used 75244K [0x000000076c180000, 0x0000000773e80000, 0x00000007c0000000)
  eden space 64512K, 100% used [0x000000076c180000,0x0000000770080000,0x0000000770080000)
  from space 10752K, 99% used [0x0000000770080000,0x0000000770afb230,0x0000000770b00000)
  to   space 20480K, 0% used [0x0000000772a80000,0x0000000772a80000,0x0000000773e80000)
 ParOldGen       total 131072K, used 26149K [0x00000006c4400000, 0x00000006cc400000, 0x000000076c180000)
  object space 131072K, 19% used [0x00000006c4400000,0x00000006c5d894e0,0x00000006cc400000)
 Metaspace       used 25314K, capacity 25950K, committed 26112K, reserved 1073152K
  class space    used 2851K, capacity 2999K, committed 3072K, reserved 1048576K
Event: 8.283 GC heap after
Heap after GC invocations=7 (full 1):
 PSYoungGen      total 105984K, used 17504K [0x000000076c180000, 0x0000000773f00000, 0x00000007c0000000)
  eden space 85504K, 0% used [0x000000076c180000,0x000000076c180000,0x0000000771500000)
  from space 20480K, 85% used [0x0000000772a80000,0x0000000773b982c0,0x0000000773e80000)
  to   space 21504K, 0% used [0x0000000771500000,0x0000000771500000,0x0000000772a00000)
 ParOldGen       total 131072K, used 26157K [0x00000006c4400000, 0x00000006cc400000, 0x000000076c180000)
  object space 131072K, 19% used [0x00000006c4400000,0x00000006c5d8b4e0,0x00000006cc400000)
 Metaspace       used 25314K, capacity 25950K, committed 26112K, reserved 1073152K
  class space    used 2851K, capacity 2999K, committed 3072K, reserved 1048576K
}
Event: 8.941 GC heap before
{Heap before GC invocations=8 (full 1):
 PSYoungGen      total 105984K, used 103008K [0x000000076c180000, 0x0000000773f00000, 0x00000007c0000000)
  eden space 85504K, 100% used [0x000000076c180000,0x0000000771500000,0x0000000771500000)
  from space 20480K, 85% used [0x0000000772a80000,0x0000000773b982c0,0x0000000773e80000)
  to   space 21504K, 0% used [0x0000000771500000,0x0000000771500000,0x0000000772a00000)
 ParOldGen       total 131072K, used 26157K [0x00000006c4400000, 0x00000006cc400000, 0x000000076c180000)
  object space 131072K, 19% used [0x00000006c4400000,0x00000006c5d8b4e0,0x00000006cc400000)
 Metaspace       used 26618K, capacity 27426K, committed 27520K, reserved 1073152K
  class space    used 2975K, capacity 3197K, committed 3200K, reserved 1048576K
Event: 8.959 GC heap after
Heap after GC invocations=8 (full 1):
 PSYoungGen      total 107008K, used 20230K [0x000000076c180000, 0x0000000776880000, 0x00000007c0000000)
  eden space 85504K, 0% used [0x000000076c180000,0x000000076c180000,0x0000000771500000)
  from space 21504K, 94% used [0x0000000771500000,0x00000007728c1950,0x0000000772a00000)
  to   space 23552K, 0% used [0x0000000775180000,0x0000000775180000,0x0000000776880000)
 ParOldGen       total 131072K, used 26165K [0x00000006c4400000, 0x00000006cc400000, 0x000000076c180000)
  object space 131072K, 19% used [0x00000006c4400000,0x00000006c5d8d4e0,0x00000006cc400000)
 Metaspace       used 26618K, capacity 27426K, committed 27520K, reserved 1073152K
  class space    used 2975K, capacity 3197K, committed 3200K, reserved 1048576K
}
Event: 9.738 GC heap before
{Heap before GC invocations=9 (full 1):
 PSYoungGen      total 107008K, used 105734K [0x000000076c180000, 0x0000000776880000, 0x00000007c0000000)
  eden space 85504K, 100% used [0x000000076c180000,0x0000000771500000,0x0000000771500000)
  from space 21504K, 94% used [0x0000000771500000,0x00000007728c1950,0x0000000772a00000)
  to   space 23552K, 0% used [0x0000000775180000,0x0000000775180000,0x0000000776880000)
 ParOldGen       total 131072K, used 26165K [0x00000006c4400000, 0x00000006cc400000, 0x000000076c180000)
  object space 131072K, 19% used [0x00000006c4400000,0x00000006c5d8d4e0,0x00000006cc400000)
 Metaspace       used 26732K, capacity 27496K, committed 27520K, reserved 1073152K
  class space    used 2976K, capacity 3198K, committed 3200K, reserved 1048576K
Event: 9.753 GC heap after
Heap after GC invocations=9 (full 1):
 PSYoungGen      total 143872K, used 23546K [0x000000076c180000, 0x0000000777280000, 0x00000007c0000000)
  eden space 120320K, 0% used [0x000000076c180000,0x000000076c180000,0x0000000773700000)
  from space 23552K, 99% used [0x0000000775180000,0x000000077687e8d0,0x0000000776880000)
  to   space 27136K, 0% used [0x0000000773700000,0x0000000773700000,0x0000000775180000)
 ParOldGen       total 131072K, used 28709K [0x00000006c4400000, 0x00000006cc400000, 0x000000076c180000)
  object space 131072K, 21% used [0x00000006c4400000,0x00000006c6009500,0x00000006cc400000)
 Metaspace       used 26732K, capacity 27496K, committed 27520K, reserved 1073152K
  class space    used 2976K, capacity 3198K, committed 3200K, reserved 1048576K
}
Event: 11.319 GC heap before
{Heap before GC invocations=10 (full 1):
 PSYoungGen      total 143872K, used 143866K [0x000000076c180000, 0x0000000777280000, 0x00000007c0000000)
  eden space 120320K, 100% used [0x000000076c180000,0x0000000773700000,0x0000000773700000)
  from space 23552K, 99% used [0x0000000775180000,0x000000077687e8d0,0x0000000776880000)
  to   space 27136K, 0% used [0x0000000773700000,0x0000000773700000,0x0000000775180000)
 ParOldGen       total 131072K, used 28709K [0x00000006c4400000, 0x00000006cc400000, 0x000000076c180000)
  object space 131072K, 21% used [0x00000006c4400000,0x00000006c6009500,0x00000006cc400000)
 Metaspace       used 26809K, capacity 27624K, committed 27776K, reserved 1073152K
  class space    used 2976K, capacity 3198K, committed 3200K, reserved 1048576K
Event: 11.334 GC heap after
Heap after GC invocations=10 (full 1):
 PSYoungGen      total 147456K, used 27106K [0x000000076c180000, 0x0000000779b00000, 0x00000007c0000000)
  eden space 120320K, 0% used [0x000000076c180000,0x000000076c180000,0x0000000773700000)
  from space 27136K, 99% used [0x0000000773700000,0x0000000775178b40,0x0000000775180000)
  to   space 34304K, 0% used [0x0000000777980000,0x0000000777980000,0x0000000779b00000)
 ParOldGen       total 131072K, used 38639K [0x00000006c4400000, 0x00000006cc400000, 0x000000076c180000)
  object space 131072K, 29% used [0x00000006c4400000,0x00000006c69bbc50,0x00000006cc400000)
 Metaspace       used 26809K, capacity 27624K, committed 27776K, reserved 1073152K
  class space    used 2976K, capacity 3198K, committed 3200K, reserved 1048576K
}

