# JRE version: Java(TM) SE Runtime Environment (8.0_60-b27) (build 1.8.0_60-b27)
# Java VM: Java HotSpot(TM) 64-Bit Server VM (25.60-b23 mixed mode windows-amd64 compressed oops)
Heap:
 PSYoungGen      total 54784K, used 31998K [0x00000000f5580000, 0x00000000faf00000, 0x0000000100000000)
  eden space 17920K, 53% used [0x00000000f5580000,0x00000000f5ef01f0,0x00000000f6700000)
  from space 36864K, 60% used [0x00000000f8b00000,0x00000000fa0cf6e0,0x00000000faf00000)
  to   space 36864K, 0% used [0x00000000f6700000,0x00000000f6700000,0x00000000f8b00000)
 ParOldGen       total 32256K, used 27780K [0x00000000e0000000, 0x00000000e1f80000, 0x00000000f5580000)
  object space 32256K, 86% used [0x00000000e0000000,0x00000000e1b21330,0x00000000e1f80000)
 Metaspace       used 14338K, capacity 14654K, committed 14976K, reserved 1062912K
  class space    used 1485K, capacity 1543K, committed 1664K, reserved 1048576K
GC Heap History (10 events):
Event: 7.168 GC heap before
{Heap before GC invocations=37 (full 3):
 PSYoungGen      total 46592K, used 42575K [0x00000000f5580000, 0x00000000fa680000, 0x0000000100000000)
  eden space 17408K, 100% used [0x00000000f5580000,0x00000000f6680000,0x00000000f6680000)
  from space 29184K, 86% used [0x00000000f6680000,0x00000000f7f13cc0,0x00000000f8300000)
  to   space 32256K, 0% used [0x00000000f8700000,0x00000000f8700000,0x00000000fa680000)
 ParOldGen       total 32256K, used 23075K [0x00000000e0000000, 0x00000000e1f80000, 0x00000000f5580000)
  object space 32256K, 71% used [0x00000000e0000000,0x00000000e1688f80,0x00000000e1f80000)
 Metaspace       used 13870K, capacity 14206K, committed 14464K, reserved 1062912K
  class space    used 1478K, capacity 1543K, committed 1664K, reserved 1048576K
Event: 7.177 GC heap after
Heap after GC invocations=37 (full 3):
 PSYoungGen      total 48640K, used 24750K [0x00000000f5580000, 0x00000000faa80000, 0x0000000100000000)
  eden space 16384K, 0% used [0x00000000f5580000,0x00000000f5580000,0x00000000f6580000)
  from space 32256K, 76% used [0x00000000f8700000,0x00000000f9f2b930,0x00000000fa680000)
  to   space 34304K, 0% used [0x00000000f6580000,0x00000000f6580000,0x00000000f8700000)
 ParOldGen       total 32256K, used 23940K [0x00000000e0000000, 0x00000000e1f80000, 0x00000000f5580000)
  object space 32256K, 74% used [0x00000000e0000000,0x00000000e1761040,0x00000000e1f80000)
 Metaspace       used 13870K, capacity 14206K, committed 14464K, reserved 1062912K
  class space    used 1478K, capacity 1543K, committed 1664K, reserved 1048576K
}
Event: 7.425 GC heap before
{Heap before GC invocations=38 (full 3):
 PSYoungGen      total 48640K, used 41134K [0x00000000f5580000, 0x00000000faa80000, 0x0000000100000000)
  eden space 16384K, 100% used [0x00000000f5580000,0x00000000f6580000,0x00000000f6580000)
  from space 32256K, 76% used [0x00000000f8700000,0x00000000f9f2b930,0x00000000fa680000)
  to   space 34304K, 0% used [0x00000000f6580000,0x00000000f6580000,0x00000000f8700000)
 ParOldGen       total 32256K, used 23940K [0x00000000e0000000, 0x00000000e1f80000, 0x00000000f5580000)
  object space 32256K, 74% used [0x00000000e0000000,0x00000000e1761040,0x00000000e1f80000)
 Metaspace       used 14047K, capacity 14398K, committed 14720K, reserved 1062912K
  class space    used 1479K, capacity 1543K, committed 1664K, reserved 1048576K
Event: 7.435 GC heap after
Heap after GC invocations=38 (full 3):
 PSYoungGen      total 50688K, used 24206K [0x00000000f5580000, 0x00000000fac80000, 0x0000000100000000)
  eden space 16384K, 0% used [0x00000000f5580000,0x00000000f5580000,0x00000000f6580000)
  from space 34304K, 70% used [0x00000000f6580000,0x00000000f7d23910,0x00000000f8700000)
  to   space 35840K, 0% used [0x00000000f8980000,0x00000000f8980000,0x00000000fac80000)
 ParOldGen       total 32256K, used 24956K [0x00000000e0000000, 0x00000000e1f80000, 0x00000000f5580000)
  object space 32256K, 77% used [0x00000000e0000000,0x00000000e185f100,0x00000000e1f80000)
 Metaspace       used 14047K, capacity 14398K, committed 14720K, reserved 1062912K
  class space    used 1479K, capacity 1543K, committed 1664K, reserved 1048576K
}
Event: 7.678 GC heap before
{Heap before GC invocations=39 (full 3):
 PSYoungGen      total 50688K, used 40590K [0x00000000f5580000, 0x00000000fac80000, 0x0000000100000000)
  eden space 16384K, 100% used [0x00000000f5580000,0x00000000f6580000,0x00000000f6580000)
  from space 34304K, 70% used [0x00000000f6580000,0x00000000f7d23910,0x00000000f8700000)
  to   space 35840K, 0% used [0x00000000f8980000,0x00000000f8980000,0x00000000fac80000)
 ParOldGen       total 32256K, used 24956K [0x00000000e0000000, 0x00000000e1f80000, 0x00000000f5580000)
  object space 32256K, 77% used [0x00000000e0000000,0x00000000e185f100,0x00000000e1f80000)
 Metaspace       used 14212K, capacity 14526K, committed 14720K, reserved 1062912K
  class space    used 1480K, capacity 1543K, committed 1664K, reserved 1048576K
Event: 7.686 GC heap after
Heap after GC invocations=39 (full 3):
 PSYoungGen      total 52736K, used 23022K [0x00000000f5580000, 0x00000000fad80000, 0x0000000100000000)
  eden space 16896K, 0% used [0x00000000f5580000,0x00000000f5580000,0x00000000f6600000)
  from space 35840K, 64% used [0x00000000f8980000,0x00000000f9ffb8f0,0x00000000fac80000)
  to   space 36352K, 0% used [0x00000000f6600000,0x00000000f6600000,0x00000000f8980000)
 ParOldGen       total 32256K, used 25980K [0x00000000e0000000, 0x00000000e1f80000, 0x00000000f5580000)
  object space 32256K, 80% used [0x00000000e0000000,0x00000000e195f1c0,0x00000000e1f80000)
 Metaspace       used 14212K, capacity 14526K, committed 14720K, reserved 1062912K
  class space    used 1480K, capacity 1543K, committed 1664K, reserved 1048576K
}
Event: 8.003 GC heap before
{Heap before GC invocations=40 (full 3):
 PSYoungGen      total 52736K, used 39918K [0x00000000f5580000, 0x00000000fad80000, 0x0000000100000000)
  eden space 16896K, 100% used [0x00000000f5580000,0x00000000f6600000,0x00000000f6600000)
  from space 35840K, 64% used [0x00000000f8980000,0x00000000f9ffb8f0,0x00000000fac80000)
  to   space 36352K, 0% used [0x00000000f6600000,0x00000000f6600000,0x00000000f8980000)
 ParOldGen       total 32256K, used 25980K [0x00000000e0000000, 0x00000000e1f80000, 0x00000000f5580000)
  object space 32256K, 80% used [0x00000000e0000000,0x00000000e195f1c0,0x00000000e1f80000)
 Metaspace       used 14244K, capacity 14590K, committed 14720K, reserved 1062912K
  class space    used 1480K, capacity 1543K, committed 1664K, reserved 1048576K
Event: 8.010 GC heap after
Heap after GC invocations=40 (full 3):
 PSYoungGen      total 53248K, used 23004K [0x00000000f5580000, 0x00000000faf00000, 0x0000000100000000)
  eden space 16896K, 0% used [0x00000000f5580000,0x00000000f5580000,0x00000000f6600000)
  from space 36352K, 63% used [0x00000000f6600000,0x00000000f7c771d0,0x00000000f8980000)
  to   space 36864K, 0% used [0x00000000f8b00000,0x00000000f8b00000,0x00000000faf00000)
 ParOldGen       total 32256K, used 27040K [0x00000000e0000000, 0x00000000e1f80000, 0x00000000f5580000)
  object space 32256K, 83% used [0x00000000e0000000,0x00000000e1a682b0,0x00000000e1f80000)
 Metaspace       used 14244K, capacity 14590K, committed 14720K, reserved 1062912K
  class space    used 1480K, capacity 1543K, committed 1664K, reserved 1048576K
}
Event: 8.259 GC heap before
{Heap before GC invocations=41 (full 3):
 PSYoungGen      total 53248K, used 39900K [0x00000000f5580000, 0x00000000faf00000, 0x0000000100000000)
  eden space 16896K, 100% used [0x00000000f5580000,0x00000000f6600000,0x00000000f6600000)
  from space 36352K, 63% used [0x00000000f6600000,0x00000000f7c771d0,0x00000000f8980000)
  to   space 36864K, 0% used [0x00000000f8b00000,0x00000000f8b00000,0x00000000faf00000)
 ParOldGen       total 32256K, used 27040K [0x00000000e0000000, 0x00000000e1f80000, 0x00000000f5580000)
  object space 32256K, 83% used [0x00000000e0000000,0x00000000e1a682b0,0x00000000e1f80000)
 Metaspace       used 14301K, capacity 14590K, committed 14720K, reserved 1062912K
  class space    used 1484K, capacity 1543K, committed 1664K, reserved 1048576K
Event: 8.267 GC heap after
Heap after GC invocations=41 (full 3):
 PSYoungGen      total 54784K, used 22333K [0x00000000f5580000, 0x00000000faf00000, 0x0000000100000000)
  eden space 17920K, 0% used [0x00000000f5580000,0x00000000f5580000,0x00000000f6700000)
  from space 36864K, 60% used [0x00000000f8b00000,0x00000000fa0cf6e0,0x00000000faf00000)
  to   space 36864K, 0% used [0x00000000f6700000,0x00000000f6700000,0x00000000f8b00000)
 ParOldGen       total 32256K, used 27780K [0x00000000e0000000, 0x00000000e1f80000, 0x00000000f5580000)
  object space 32256K, 86% used [0x00000000e0000000,0x00000000e1b21330,0x00000000e1f80000)
 Metaspace       used 14301K, capacity 14590K, committed 14720K, reserved 1062912K
  class space    used 1484K, capacity 1543K, committed 1664K, reserved 1048576K
}

