# JRE version: Java(TM) SE Runtime Environment (8.0_60-b27) (build 1.8.0_60-b27)
# Java VM: Java HotSpot(TM) 64-Bit Server VM (25.60-b23 mixed mode windows-amd64 compressed oops)
Heap:
 PSYoungGen      total 178688K, used 124139K [0x000000076c180000, 0x0000000779980000, 0x00000007c0000000)
  eden space 148480K, 63% used [0x000000076c180000,0x0000000771d3b7d8,0x0000000775280000)
  from space 30208K, 99% used [0x0000000777500000,0x000000077927f598,0x0000000779280000)
  to   space 35328K, 0% used [0x0000000775280000,0x0000000775280000,0x0000000777500000)
 ParOldGen       total 132096K, used 41437K [0x00000006c4400000, 0x00000006cc500000, 0x000000076c180000)
  object space 132096K, 31% used [0x00000006c4400000,0x00000006c6c77788,0x00000006cc500000)
 Metaspace       used 32078K, capacity 33052K, committed 33280K, reserved 1079296K
  class space    used 3571K, capacity 3810K, committed 3840K, reserved 1048576K
GC Heap History (10 events):
Event: 11.297 GC heap before
{Heap before GC invocations=7 (full 1):
 PSYoungGen      total 75264K, used 75260K [0x000000076c180000, 0x0000000773d80000, 0x00000007c0000000)
  eden space 64512K, 100% used [0x000000076c180000,0x0000000770080000,0x0000000770080000)
  from space 10752K, 99% used [0x0000000770080000,0x0000000770aff2d0,0x0000000770b00000)
  to   space 19456K, 0% used [0x0000000772a80000,0x0000000772a80000,0x0000000773d80000)
 ParOldGen       total 132096K, used 24240K [0x00000006c4400000, 0x00000006cc500000, 0x000000076c180000)
  object space 132096K, 18% used [0x00000006c4400000,0x00000006c5bac338,0x00000006cc500000)
 Metaspace       used 25693K, capacity 26416K, committed 26752K, reserved 1073152K
  class space    used 2902K, capacity 3130K, committed 3200K, reserved 1048576K
Event: 11.308 GC heap after
Heap after GC invocations=7 (full 1):
 PSYoungGen      total 105472K, used 15346K [0x000000076c180000, 0x0000000773c80000, 0x00000007c0000000)
  eden space 87040K, 0% used [0x000000076c180000,0x000000076c180000,0x0000000771680000)
  from space 18432K, 83% used [0x0000000772a80000,0x000000077397ca98,0x0000000773c80000)
  to   space 19456K, 0% used [0x0000000771680000,0x0000000771680000,0x0000000772980000)
 ParOldGen       total 132096K, used 24248K [0x00000006c4400000, 0x00000006cc500000, 0x000000076c180000)
  object space 132096K, 18% used [0x00000006c4400000,0x00000006c5bae338,0x00000006cc500000)
 Metaspace       used 25693K, capacity 26416K, committed 26752K, reserved 1073152K
  class space    used 2902K, capacity 3130K, committed 3200K, reserved 1048576K
}
Event: 12.243 GC heap before
{Heap before GC invocations=8 (full 1):
 PSYoungGen      total 105472K, used 102386K [0x000000076c180000, 0x0000000773c80000, 0x00000007c0000000)
  eden space 87040K, 100% used [0x000000076c180000,0x0000000771680000,0x0000000771680000)
  from space 18432K, 83% used [0x0000000772a80000,0x000000077397ca98,0x0000000773c80000)
  to   space 19456K, 0% used [0x0000000771680000,0x0000000771680000,0x0000000772980000)
 ParOldGen       total 132096K, used 24248K [0x00000006c4400000, 0x00000006cc500000, 0x000000076c180000)
  object space 132096K, 18% used [0x00000006c4400000,0x00000006c5bae338,0x00000006cc500000)
 Metaspace       used 26559K, capacity 27368K, committed 27520K, reserved 1073152K
  class space    used 2975K, capacity 3198K, committed 3200K, reserved 1048576K
Event: 12.265 GC heap after
Heap after GC invocations=8 (full 1):
 PSYoungGen      total 106496K, used 17856K [0x000000076c180000, 0x0000000776500000, 0x00000007c0000000)
  eden space 87040K, 0% used [0x000000076c180000,0x000000076c180000,0x0000000771680000)
  from space 19456K, 91% used [0x0000000771680000,0x00000007727f0280,0x0000000772980000)
  to   space 20480K, 0% used [0x0000000775100000,0x0000000775100000,0x0000000776500000)
 ParOldGen       total 132096K, used 24256K [0x00000006c4400000, 0x00000006cc500000, 0x000000076c180000)
  object space 132096K, 18% used [0x00000006c4400000,0x00000006c5bb0338,0x00000006cc500000)
 Metaspace       used 26559K, capacity 27368K, committed 27520K, reserved 1073152K
  class space    used 2975K, capacity 3198K, committed 3200K, reserved 1048576K
}
Event: 14.465 GC heap before
{Heap before GC invocations=9 (full 1):
 PSYoungGen      total 106496K, used 104896K [0x000000076c180000, 0x0000000776500000, 0x00000007c0000000)
  eden space 87040K, 100% used [0x000000076c180000,0x0000000771680000,0x0000000771680000)
  from space 19456K, 91% used [0x0000000771680000,0x00000007727f0280,0x0000000772980000)
  to   space 20480K, 0% used [0x0000000775100000,0x0000000775100000,0x0000000776500000)
 ParOldGen       total 132096K, used 24256K [0x00000006c4400000, 0x00000006cc500000, 0x000000076c180000)
  object space 132096K, 18% used [0x00000006c4400000,0x00000006c5bb0338,0x00000006cc500000)
 Metaspace       used 26669K, capacity 27432K, committed 27520K, reserved 1073152K
  class space    used 2976K, capacity 3198K, committed 3200K, reserved 1048576K
Event: 14.485 GC heap after
Heap after GC invocations=9 (full 1):
 PSYoungGen      total 142336K, used 20452K [0x000000076c180000, 0x0000000776d80000, 0x00000007c0000000)
  eden space 121856K, 0% used [0x000000076c180000,0x000000076c180000,0x0000000773880000)
  from space 20480K, 99% used [0x0000000775100000,0x00000007764f9348,0x0000000776500000)
  to   space 25088K, 0% used [0x0000000773880000,0x0000000773880000,0x0000000775100000)
 ParOldGen       total 132096K, used 30111K [0x00000006c4400000, 0x00000006cc500000, 0x000000076c180000)
  object space 132096K, 22% used [0x00000006c4400000,0x00000006c6167d78,0x00000006cc500000)
 Metaspace       used 26669K, capacity 27432K, committed 27520K, reserved 1073152K
  class space    used 2976K, capacity 3198K, committed 3200K, reserved 1048576K
}
Event: 17.566 GC heap before
{Heap before GC invocations=10 (full 1):
 PSYoungGen      total 142336K, used 142308K [0x000000076c180000, 0x0000000776d80000, 0x00000007c0000000)
  eden space 121856K, 100% used [0x000000076c180000,0x0000000773880000,0x0000000773880000)
  from space 20480K, 99% used [0x0000000775100000,0x00000007764f9348,0x0000000776500000)
  to   space 25088K, 0% used [0x0000000773880000,0x0000000773880000,0x0000000775100000)
 ParOldGen       total 132096K, used 30111K [0x00000006c4400000, 0x00000006cc500000, 0x000000076c180000)
  object space 132096K, 22% used [0x00000006c4400000,0x00000006c6167d78,0x00000006cc500000)
 Metaspace       used 28349K, capacity 29160K, committed 29184K, reserved 1075200K
  class space    used 3122K, capacity 3326K, committed 3328K, reserved 1048576K
Event: 17.589 GC heap after
Heap after GC invocations=10 (full 1):
 PSYoungGen      total 146944K, used 25082K [0x000000076c180000, 0x0000000779280000, 0x00000007c0000000)
  eden space 121856K, 0% used [0x000000076c180000,0x000000076c180000,0x0000000773880000)
  from space 25088K, 99% used [0x0000000773880000,0x00000007750fe910,0x0000000775100000)
  to   space 30208K, 0% used [0x0000000777500000,0x0000000777500000,0x0000000779280000)
 ParOldGen       total 132096K, used 36031K [0x00000006c4400000, 0x00000006cc500000, 0x000000076c180000)
  object space 132096K, 27% used [0x00000006c4400000,0x00000006c672fd08,0x00000006cc500000)
 Metaspace       used 28349K, capacity 29160K, committed 29184K, reserved 1075200K
  class space    used 3122K, capacity 3326K, committed 3328K, reserved 1048576K
}
Event: 23.759 GC heap before
{Heap before GC invocations=11 (full 1):
 PSYoungGen      total 146944K, used 146938K [0x000000076c180000, 0x0000000779280000, 0x00000007c0000000)
  eden space 121856K, 100% used [0x000000076c180000,0x0000000773880000,0x0000000773880000)
  from space 25088K, 99% used [0x0000000773880000,0x00000007750fe910,0x0000000775100000)
  to   space 30208K, 0% used [0x0000000777500000,0x0000000777500000,0x0000000779280000)
 ParOldGen       total 132096K, used 36031K [0x00000006c4400000, 0x00000006cc500000, 0x000000076c180000)
  object space 132096K, 27% used [0x00000006c4400000,0x00000006c672fd08,0x00000006cc500000)
 Metaspace       used 29207K, capacity 30068K, committed 30336K, reserved 1077248K
  class space    used 3218K, capacity 3437K, committed 3456K, reserved 1048576K
Event: 23.783 GC heap after
Heap after GC invocations=11 (full 1):
 PSYoungGen      total 178688K, used 30205K [0x000000076c180000, 0x0000000779980000, 0x00000007c0000000)
  eden space 148480K, 0% used [0x000000076c180000,0x000000076c180000,0x0000000775280000)
  from space 30208K, 99% used [0x0000000777500000,0x000000077927f598,0x0000000779280000)
  to   space 35328K, 0% used [0x0000000775280000,0x0000000775280000,0x0000000777500000)
 ParOldGen       total 132096K, used 41437K [0x00000006c4400000, 0x00000006cc500000, 0x000000076c180000)
  object space 132096K, 31% used [0x00000006c4400000,0x00000006c6c77788,0x00000006cc500000)
 Metaspace       used 29207K, capacity 30068K, committed 30336K, reserved 1077248K
  class space    used 3218K, capacity 3437K, committed 3456K, reserved 1048576K
}

